<?xml version='1.0' encoding='UTF-8'?>
<testsuite hostname="nfml-jomekeWVM" name="example.ListsSuite" tests="9" errors="0" failures="0" skipped="0" time="0.097" timestamp="2020-12-22T13:26:29">
                     <properties>
[...]
</properties>
                     <testcase classname="example.ListsSuite" name="sum of a few negative numbers" time="0.093">
                                                 
                                               </testcase><testcase classname="example.ListsSuite" name="one plus one is three (0pts)?" time="0.001">
                                                 
                                               </testcase><testcase classname="example.ListsSuite" name="max throws an exception if empty list" time="0.002">
                                                 
                                               </testcase><testcase classname="example.ListsSuite" name="max of a few numbers (10pts)" time="0.0">
                                                 
                                               </testcase><testcase classname="example.ListsSuite" name="intNotZero throws an exception if its argument is 0" time="0.0">
                                                 
                                               </testcase><testcase classname="example.ListsSuite" name="max of a few negative numbers" time="0.001">
                                                 
                                               </testcase><testcase classname="example.ListsSuite" name="details why one plus one is not three (0pts)" time="0.0">
                                                 
                                               </testcase><testcase classname="example.ListsSuite" name="sum of a few numbers (10pts)" time="0.0">
                                                 
                                               </testcase><testcase classname="example.ListsSuite" name="one plus one is two (0pts)" time="0.0">
                                                 
                                               </testcase>
                     <system-out><![CDATA[]]></system-out>
                     <system-err><![CDATA[]]></system-err>
                   </testsuite>