<?xml version='1.0' encoding='UTF-8'?>
<testsuite hostname="nfml-jomekeWVM" name="funsets.FunSetSuite" tests="13" errors="0" failures="0" skipped="0" time="0.107" timestamp="2020-12-23T19:10:39">
                     <properties>
[...]
</properties>
                     <testcase classname="funsets.FunSetSuite" name="NOT all bounded integers within s satisfy p" time="0.011">
                                                 
                                               </testcase><testcase classname="funsets.FunSetSuite" name="filter items in s that p holds" time="0.058">
                                                 
                                               </testcase><testcase classname="funsets.FunSetSuite" name="All bounded integers within s satisfy p" time="0.002">
                                                 
                                               </testcase><testcase classname="funsets.FunSetSuite" name="apply function to each item in set s" time="0.004">
                                                 
                                               </testcase><testcase classname="funsets.FunSetSuite" name="if a bounded number exists in s that satisfies p" time="0.002">
                                                 
                                               </testcase><testcase classname="funsets.FunSetSuite" name="singleton set one contains one" time="0.001">
                                                 
                                               </testcase><testcase classname="funsets.FunSetSuite" name="doesn't contain element" time="0.0">
                                                 
                                               </testcase><testcase classname="funsets.FunSetSuite" name="union contains all elements of each set" time="0.002">
                                                 
                                               </testcase><testcase classname="funsets.FunSetSuite" name="shows set" time="0.021">
                                                 
                                               </testcase><testcase classname="funsets.FunSetSuite" name="intersect contains elements in both sets" time="0.002">
                                                 
                                               </testcase><testcase classname="funsets.FunSetSuite" name="a bounded number does NOT exist in s that satisfies p" time="0.001">
                                                 
                                               </testcase><testcase classname="funsets.FunSetSuite" name="contains is implemented" time="0.001">
                                                 
                                               </testcase><testcase classname="funsets.FunSetSuite" name="set difference of items in s and not t" time="0.002">
                                                 
                                               </testcase>
                     <system-out><![CDATA[]]></system-out>
                     <system-err><![CDATA[]]></system-err>
                   </testsuite>